2012 153  0   5.1  -3.7   2.9  -1.7   13718.   8.4  358.    27
2012 153  1   5.0  -3.9   1.7  -2.5   12482.   8.4  355.    23
2012 153  2   5.2  -4.5   0.9  -2.5   10074.   7.0  354.    19
2012 153  3   4.8  -2.8  -2.3  -1.5   15801.   7.9  364.    18
2012 153  4   5.3   1.0  -5.0   1.4   12985.   5.6  366.    17
2012 153  5   5.7   1.9  -4.8   2.5    9368.   3.8  361.    15
2012 153  6   5.8   2.3  -3.9   3.5    9684.   4.2  357.    18
2012 153  7   6.0   2.0  -3.9   4.0    9549.   3.4  358.    19
2012 153  8   6.1   2.1  -3.0   4.8   11203.   3.0  353.    19
2012 153  9   6.2   2.0  -3.1   5.0   11891.   2.8  350.    19
2012 153 10   6.2   1.6  -1.6   5.7   14798.   3.3  354.    24
2012 153 11   5.8   1.3  -1.0   5.5   21869.   5.3  363.    29
2012 153 12   5.0   1.5  -2.4   2.7   28406.   7.8  363.    24
2012 153 13   7.0   4.2  -1.8   5.2   18293.   3.5  351.    19
2012 153 14   6.8   3.2   0.8   5.9   16039.   4.7  350.    20
2012 153 15   4.8   1.6   2.0   3.6   29866.   9.6  360.    27
2012 153 16   4.8   1.1   2.6   3.6   25446.   9.4  357.    28
2012 153 17   5.6   1.6  -2.1   4.6   23405.   5.0  356.    23
2012 153 18   6.0   1.7  -0.8   5.4   20257.   3.0  355.    23
2012 153 19   6.7   1.4   2.7   5.6   21623.   4.4  361.    28
2012 153 20   7.2  -1.1   0.3   6.8   24074.   6.3  374.    36
2012 153 21   8.0  -3.1   1.6   7.2   20235.   6.1  378.    35
2012 153 22   8.3  -3.0   4.7   5.9   23810.   7.1  379.    34
2012 153 23   8.5  -1.2   5.2   6.5   22827.   6.5  370.    34
2012 154  0   8.6  -3.0   6.5   4.6   24472.   7.8  372.    36
2012 154  1   9.1   0.1   6.4   6.5   23640.   6.0  369.    35
2012 154  2   9.2   1.4   6.5   6.3   22649.   5.9  363.    36
2012 154  3   8.7   2.0   6.5   5.3   32015.   6.4  352.    36
2012 154  4   8.6   2.0   6.4   5.2   26076.   6.6  347.    37
2012 154  5   8.8   3.0   6.5   5.0   21349.   6.5  344.    34
2012 154  6   8.8   3.1   7.2   3.7   22133.   6.7  340.    31
2012 154  7   8.9   3.4   6.4   4.6   26359.   7.0  339.    31
2012 154  8   8.5   4.5   6.9   1.2   26250.  10.4  341.    33
2012 154  9   7.4   3.9   5.5   2.5   36287.  15.2  345.    37
2012 154 10   7.2   4.1   5.5  -2.2   32944.  16.8  340.    39
2012 154 11   6.7   3.8   5.1  -1.3   30906.  17.4  340.    37
2012 154 12   6.1   2.8   5.0  -1.8   29115.  19.6  337.    33
2012 154 13   5.5   3.1   3.7  -0.5   34398.  20.9  331.    31
2012 154 14   4.2   1.1  -0.8  -0.7   36244.  19.3  343.    30
2012 154 15   4.7  -1.9  -3.1  -0.8   29117.  21.5  355.    35
2012 154 16   8.1  -4.7  -4.8  -4.5   13457.   7.2  346.    33
2012 154 17   8.6  -4.4  -5.0  -5.3   15835.   6.1  343.    20
2012 154 18   8.6  -4.5  -5.1  -5.3   17109.   6.2  336.    11
2012 154 19   8.7  -4.9  -4.1  -5.9   18899.   7.6  337.     4
2012 154 20   8.6  -5.8  -2.8  -5.6   18088.   8.6  337.    -4
2012 154 21   8.5  -4.5  -0.9  -6.6   16213.   9.8  338.    -3
2012 154 22   8.3  -3.4   0.5  -7.5   15259.  10.9  337.     4
2012 154 23   7.6  -3.2   4.1  -3.9   45470.   7.7  336.     0
2012 155  0   8.1  -2.5   7.1  -2.7   43628.   6.5  330.     4
2012 155  1   8.3  -2.8   6.1  -4.6   29916.   7.8  329.    10
2012 155  2   8.9  -3.9   6.5  -3.8   13742.   8.7  332.     8
2012 155  3   9.1  -3.9   8.2  -0.8    9963.   7.5  337.     6
2012 155  4   9.1  -4.0   8.0  -1.6   10788.   6.0  336.     8
2012 155  5   9.0  -4.2   7.8  -1.2   12825.   5.1  333.     8
2012 155  6   8.5  -2.2   6.7  -4.5   16782.   6.4  331.    12
2012 155  7   8.2  -1.5   6.9  -4.1   16473.   5.9  330.     9
2012 155  8   8.5  -0.9   7.4  -4.0   12838.   7.0  332.     7
2012 155  9   8.4  -0.7   6.6  -5.1   12107.   8.4  329.     6
2012 155 10   8.8  -1.5   6.1  -6.2   12043.  10.7  329.     5
2012 155 11   9.1  -2.6   6.6  -5.6   13912.  10.1  329.     7
2012 155 12   8.1  -2.5   3.3  -5.6   25605.  15.3  335.     9
2012 155 13  11.1  -3.5   2.3 -10.2   26900.  14.0  343.     3
2012 155 14   9.8  -0.5   0.4  -6.3   69807.  21.5  356.    -6
2012 155 15  11.7   1.8  -3.5  -1.2   63237.  19.6  351.    -7
2012 155 16  14.8  -2.4   4.4 -12.6   55762.  13.9  359.    -6
2012 155 17  12.7   3.4  -6.3 -10.3   48424.  21.4  356.   -15
2012 155 18  10.9   4.3  -6.5  -4.9   68068.  16.2  354.   -25
2012 155 19  11.3   5.7  -7.4   4.0   66346.   8.3  342.   -32
2012 155 20  10.6   9.6  -3.6   1.2   92325.   6.5  329.   -23
2012 155 21  11.2  10.8  -0.4   1.7   92600.   6.9  327.   -18
2012 155 22  11.6  11.0   2.5   1.7  109732.   7.2  332.   -14
2012 155 23  12.5  11.2   3.5   3.2  101397.   7.8  333.   -13
2012 156  0  13.0  12.1   2.9   2.4  100327.   7.5  332.    -7
2012 156  1  12.9  11.3  -4.2   2.8  103886.   7.5  343.    -1
2012 156  2  13.0  10.9  -5.5   1.6   91599.   8.5  340.     4
2012 156  3  13.6   8.9  -9.0  -3.9  113322.   6.9  359.    -1
2012 156  4  13.7   8.4 -10.3  -1.9   87330.   5.5  357.    -7
2012 156  5  13.6   8.2  -9.5  -2.0  108905.   6.6  366.    -6
2012 156  6  10.7   5.6  -2.9  -3.5  241600.   9.8  386.    -6
2012 156  7  11.0   6.4  -7.5   1.8  342513.   9.0  403.    -2
2012 156  8  11.5   7.1  -1.6  -4.0  284369.   8.0  404.     2
2012 156  9  12.8   3.6   7.2  -7.1  302375.   8.4  432.    -6
2012 156 10  14.8   6.8  -9.1   0.7  259729.   6.4  473.   -13
2012 156 11  10.9   1.0  -7.5   2.5  351088.   6.2  584.   -11
2012 156 12  11.0   5.4  -8.1   0.6  343753.   5.6  571.    -8
2012 156 13  10.8   6.7  -6.0   0.2  260313.   5.6  567.    -6
2012 156 14  10.0   8.6  -4.1   0.4  227740.   5.8  550.    -7
2012 156 15  10.0   8.9  -4.0  -1.5  179780.   4.8  558.    -9
2012 156 16   9.6   6.6  -6.4  -1.1  229335.   4.3  569.   -11
2012 156 17   8.9   8.3  -2.5  -0.9  178201.   4.4  555.   -11
2012 156 18   7.8   5.4  -4.4   2.4  252232.   4.6  570.    -1
2012 156 19   7.2   5.2  -2.8   3.1  243204.   4.8  568.     1
2012 156 20   6.7   5.7  -1.5   0.7  231721.   4.6  561.     1
2012 156 21   6.6   3.9   0.5  -1.2  249009.   4.7  583.    -2
2012 156 22   7.2   3.4  -3.3   3.3  216630.   4.0  604.    -4
2012 156 23   7.4   5.4  -3.5   1.9  153219.   3.0  599.    -5
2012 157  0   6.6   3.4  -3.2   3.1  210262.   2.9  658.     2
2012 157  1   6.1   5.1  -2.7   0.9  134707.   2.2  655.     0
2012 157  2   6.0   4.7  -1.6  -0.6  205857.   2.8  671.     0
2012 157  3   6.6   3.7  -3.2  -0.5  230597.   2.9  683.     2
2012 157  4   7.2   6.0  -1.7  -1.1  181113.   2.7  650.     0
2012 157  5   7.2   5.9  -3.0   0.9  174782.   2.8  648.     1
2012 157  6   7.8   6.7  -2.6   0.1  247755.   3.5  650.     1
2012 157  7   9.1   7.3  -2.2  -2.7  206944.   3.4  637.     1
2012 157  8  10.2   6.3  -6.3   3.7  245547.   3.4  647.     3
2012 157  9   8.7   4.0  -5.0   3.4  402860.   4.1  683.     7
2012 157 10   7.2   2.7  -3.6   0.3  410461.   4.6  692.     9
2012 157 11   6.4   4.4  -2.4  -1.1  294783.   3.7  677.    12
2012 157 12   5.6   3.1  -0.1  -3.1  255717.   2.7  692.    -2
2012 157 13   5.9   1.5   0.1  -3.8  309141.   2.7  711.   -13
2012 157 14   6.9   2.3  -3.6  -2.9  270255.   2.6  697.   -16
2012 157 15   6.6   4.4  -4.0  -1.1  266441.   2.8  667.    -9
2012 157 16   6.3   1.4  -5.7   0.6  287764.   2.9  693.    -6
2012 157 17   6.5   1.5  -5.1   2.2  322653.   2.9  685.    -5
2012 157 18   6.1   1.2  -4.4   1.6  288958.   2.8  678.    -5
2012 157 19   6.9   4.1  -4.7   0.9  212210.   2.7  649.    -4
2012 157 20   6.6   4.1  -2.3  -1.8  217161.   2.8  647.    -7
2012 157 21   5.7   3.2   0.3  -2.9  264801.   2.8  650.   -15
2012 157 22   5.5   3.5  -0.8   1.6  234358.   2.8  649.   -13
2012 157 23   5.1   3.6  -0.5   0.3  229146.   2.5  646.    -7
2012 158  0   5.0   3.4  -1.6  -0.6  208032.   2.2  646.    -6
2012 158  1   5.5   3.1  -3.4  -2.1  211074.   1.8  668.    -9
2012 158  2   5.2   1.7  -3.5  -1.3  255053.   1.6  704.   -11
2012 158  3   4.4   1.7  -1.5  -1.4  327466.   1.7  714.   -11
2012 158  4   4.5   2.5  -2.3  -1.6  265275.   1.8  708.    -4
2012 158  5   4.6   3.2  -1.5   1.6  188458.   1.6  699.    -6
2012 158  6   4.2   3.2  -1.0   1.0  224616.   2.0  712.    -8
2012 158  7   3.9   2.4   0.7   0.9  252696.   1.8  723.    -5
2012 158  8   4.0   2.2   1.3   0.1  241114.   1.8  724.    -4
2012 158  9   3.8   3.1   1.0   0.0  208116.   1.9  708.    -2
2012 158 10   3.7   0.6  -1.4  -1.6  216061.   1.8  735.    -5
2012 158 11   4.0   2.5  -0.4  -2.2  170680.   1.7  712.    -7
2012 158 12   4.0   2.7  -1.1   0.1  147055.   1.5  694.    -2
2012 158 13   4.5   3.9  -1.2  -0.1   96821.   1.4  671.    -2
2012 158 14   4.4   3.0  -1.7  -1.6  118447.   1.5  677.    -2
2012 158 15   4.4   1.6  -2.0   2.8  165752.   1.8  696.    -3
2012 158 16   3.6   1.6  -1.0   1.1  225182.   2.4  691.     1
2012 158 17   3.7   0.9  -1.7  -2.4  226811.   2.3  691.     2
2012 158 18   3.8   0.4  -2.3  -2.0  212683.   2.0  704.     2
2012 158 19   4.0   0.5  -3.3  -1.9  207877.   1.9  699.     1
2012 158 20   3.4   0.8  -2.1  -0.2  212061.   2.1  708.    -1
2012 158 21   3.7   1.5  -2.5   0.3  164522.   1.8  701.    -2
2012 158 22   3.3   1.4  -1.7   0.2  144846.   1.6  704.    -3
2012 158 23   3.5   1.4  -0.3  -2.5  129469.   1.4  703.    -3
2012 159  0   3.5   2.9   0.5  -1.3   95926.   1.3  675.     0
2012 159  1   3.4   3.0   0.0  -1.2   82579.   1.2  664.     1
2012 159  2   3.4   2.3  -0.3  -1.2  101691.   1.2  665.     4
2012 159  3   3.3   2.4  -0.3  -1.0  129186.   1.4  658.     2
2012 159  4   3.1   2.5  -1.0  -0.8  133165.   1.5  650.     0
2012 159  5   3.4   1.2  -2.6   0.1  127108.   1.3  657.    -1
2012 159  6   3.2   2.1  -1.4   1.0  132948.   1.5  648.     0
2012 159  7   3.3   2.7  -0.5   0.1  145514.   1.6  641.    -1
2012 159  8   3.2   2.0  -2.2   0.3  145469.   1.6  636.     0
2012 159  9   3.4   0.8  -2.5  -0.1  133120.   1.4  642.     0
2012 159 10   3.3   1.6  -2.4   0.6  126483.   1.4  622.     1
2012 159 11   3.3   2.8  -1.4   0.7  107722.   1.8  612.     1
2012 159 12   3.4   2.1  -1.7   0.5  141288.   1.4  627.     1
2012 159 13   3.4   3.1   0.9  -0.3  145480.   1.5  628.     0
2012 159 14   3.6   1.5  -2.1   0.1  135610.   1.2  640.     1
2012 159 15   3.6  -0.7  -3.4  -0.4  125133.   1.2  659.     1
2012 159 16   3.5  -0.3  -3.1  -0.7  118975.   1.2  656.     0
2012 159 17   3.8  -1.2  -2.9  -1.4   99691.   1.3  653.     0
2012 159 18   3.2   1.8  -1.4   0.0  153436.   1.3  626.     1
2012 159 19   3.1  -0.6  -2.3  -0.7  142080.   1.2  649.     7
2012 159 20   3.1   1.3  -2.1   0.3  167390.   1.5  627.    11
2012 159 21   3.2   2.0  -2.1   0.6  132807.   1.4  619.    10
2012 159 22   3.0   2.2  -1.2   0.6  107032.   1.4  619.    10
2012 159 23   2.8   2.5  -0.9  -0.1  106758.   1.6  611.     9
2012 160  0   2.9   1.6  -2.0   0.2  119453.   1.2  603.     6
2012 160  1   2.8   0.5  -2.4   1.0   98275.   1.1  608.     5
2012 160  2   2.9   1.0  -2.5   0.0   82516.   1.1  581.     5
2012 160  3   2.9   0.8  -1.7  -0.2   91233.   1.4  585.     5
2012 160  4   2.8   2.0  -0.4  -0.5   87941.   1.5  575.     8
2012 160  5   3.0   0.6   0.8  -1.8   94365.   1.7  588.    11
2012 160  6   3.3   0.3  -2.8  -1.1  108601.   1.9  586.    10
2012 160  7   4.4  -0.6  -3.8  -1.0  113721.   1.8  602.    10
2012 160  8   3.5  -0.2  -2.0  -1.8  137497.   2.2  601.     7
2012 160  9   3.7   1.4  -2.2  -2.0  151095.   2.4  589.     6
2012 160 10   4.2   0.7  -3.4  -0.6   66961.   2.9  585.     5
2012 160 11   4.3  -0.1  -3.2   1.3   50130.   2.6  580.     6
2012 160 12   4.8  -3.1  -1.5   3.3   22042.   2.3  571.     6
2012 160 13   4.7  -3.5  -0.8   3.0   20836.   1.9  573.     7
2012 160 14   4.8  -4.3  -0.3   2.1   19249.   1.8  574.     7
2012 160 15   4.7  -4.4  -0.1   1.5   18914.   1.7  569.     5
2012 160 16   4.5  -4.4  -0.3   1.1   19589.   1.5  560.     5
2012 160 17   4.4  -4.2  -0.7   1.0   21668.   1.6  549.     7
2012 160 18   3.8  -2.2  -1.0   2.2   33878.   2.6  525.    11
2012 160 19   4.0  -1.1  -1.1   3.7   37390.   2.4  534.    18
2012 160 20   4.4  -2.0  -1.6   3.5   23729.   2.6  524.    19
2012 160 21   4.5  -1.9  -1.5   3.8   13707.   2.8  514.    19
2012 160 22   4.4  -3.0  -1.9   2.6   14405.   3.4  513.    20
2012 160 23   4.4  -3.2  -2.2   2.1   12106.   3.3  506.    21
2012 161  0   4.3  -3.5  -2.1   1.2   17843.   2.5  504.    18
2012 161  1   3.9  -2.8  -1.6   1.8   17966.   3.7  501.    16
2012 161  2   3.8   1.0  -1.0   3.3   34121.   2.4  490.    17
2012 161  3   2.8  -2.2   0.7  -1.1  107441.   2.2  513.    19
2012 161  4   4.3  -4.1  -0.9  -0.3   35832.   1.8  518.    21
2012 161  5   5.0  -4.8  -1.0  -0.8   24796.   1.6  513.    17
2012 161  6   4.9  -4.6  -1.1  -1.0   28385.   1.6  511.    15
2012 161  7   5.0  -4.5  -1.8  -1.1   23370.   1.5  503.    15
2012 161  8   5.0  -4.2  -2.5  -0.8   25341.   1.3  500.    13
2012 161  9   4.6  -3.6  -2.5   0.6   34707.   2.0  491.    11
2012 161 10   4.5  -3.6  -2.6   0.6   35200.   2.6  475.    13
2012 161 11   5.0  -3.6  -3.3   0.6   16289.   3.2  462.    13
2012 161 12   5.1  -3.3  -3.2   1.6   21616.   2.9  458.    12
2012 161 13   5.5  -4.3  -3.3  -0.5   13918.   1.9  470.     7
2012 161 14   5.5  -3.9  -3.5   1.6   10844.   2.5  460.     9
2012 161 15   5.4  -3.4  -2.9   3.1   12881.   2.8  449.    11
2012 161 16   5.5  -3.2  -3.3   2.7   20357.   2.4  452.    10
2012 161 17   5.0  -3.2  -2.0   0.7   23507.   3.8  443.    12
2012 161 18   4.5   1.8  -1.9   3.6   21819.   2.9  448.    19
2012 161 19   4.8   1.5  -3.1   3.0   26887.   1.9  444.    18
2012 161 20   4.9   0.0  -3.8   2.2   19402.   2.3  437.    19
2012 161 21   5.3  -1.4  -4.7   1.6   14660.   2.8  430.    22
2012 161 22   5.6  -0.9  -3.1   4.2   20593.   2.6  432.    21
2012 161 23   5.4  -1.2  -1.1   5.1   22443.   1.7  432.    15
2012 162  0   4.8  -2.0  -0.5   4.2   19581.   1.8  424.    14
2012 162  1   4.1  -2.0   1.1   3.4   16747.   1.4  420.    16
2012 162  2   3.8   1.9  -0.4   3.0   16060.   1.2  414.    17
2012 162  3   3.8   1.9  -0.4   3.2   13578.   1.2  408.    18
2012 162  4   3.6   1.8   0.2   3.0   14476.   1.2  409.    19
2012 162  5   4.5   0.6  -1.2   4.0   24398.   1.2  445.    18
2012 162  6   4.4   0.2  -2.2   3.4   37696.   1.4  455.    18
2012 162  7   4.8  -0.4  -2.1   4.0   28364.   1.2  447.    18
2012 162  8   4.5  -0.4  -2.2   3.7   24290.   1.2  437.    16
2012 162  9   4.9  -2.4  -3.0   2.8   16481.   1.2  436.    16
2012 162 10   5.3  -2.1  -4.3   1.9   19884.   1.9  426.    16
2012 162 11   5.8  -2.2  -5.2  -0.6   28903.   1.7  432.    15
2012 162 12   6.1  -1.8  -5.5  -1.1   35064.   1.2  433.    12
2012 162 13   5.5  -1.5  -3.9  -2.1   74866.   1.2  439.     9
2012 162 14   5.7  -3.9  -3.7   1.0   26568.   1.8  462.    10
2012 162 15   5.3  -1.4  -3.9  -2.7   63269.   1.7  446.    11
2012 162 16   4.2  -2.5   0.2   3.2   56753.   3.3  443.    12
2012 162 17   3.3  -1.7  -0.2   2.8   45300.   4.8  443.    13
2012 162 18   3.4  -2.6  -1.5   1.1   62626.   5.2  438.    22
2012 162 19   3.5  -2.3  -2.6  -0.1   53745.   5.6  426.    23
2012 162 20   4.5  -1.6  -4.0  -0.7   48252.   4.8  434.    23
2012 162 21   4.4   0.5  -4.0  -1.4   36529.   6.7  417.    21
2012 162 22   4.4   2.5  -2.1  -2.5   38931.   6.7  407.    18
2012 162 23   4.3   2.5  -1.6  -2.9   35999.   6.4  400.    12
2012 163  0   4.3   2.8  -1.7  -2.5   39862.   6.0  395.    12
2012 163  1   4.4  -0.3  -2.7  -1.7   45932.   6.5  395.    11
2012 163  2   3.7  -0.2  -0.1   0.0   54373.   5.7  397.    11
2012 163  3   4.3   2.1  -1.8  -2.6   26102.   5.7  409.    15
2012 163  4   5.1   2.1  -3.3  -2.9   31535.   5.6  429.    21
2012 163  5   5.8   3.9  -2.0  -3.3   42514.   4.4  414.    13
2012 163  6   6.0   4.4  -1.0  -3.9   72379.   3.8  400.     1
2012 163  7   5.8   3.8   1.2  -4.1   61250.   4.4  402.    -3
2012 163  8   6.3   2.9  -2.3  -3.9   52851.   3.4  407.    -6
2012 163  9   6.5   3.2  -3.2  -4.2   54748.   2.5  401.    -9
2012 163 10   6.1   3.8   0.6  -4.6   88909.   3.1  398.    -8
2012 163 11   6.9   4.4   0.7  -5.1   69579.   1.9  381.   -10
2012 163 12   7.1   3.6  -1.3  -5.8   44125.   1.9  382.   -15
2012 163 13   7.1   2.5  -3.4  -5.7   29573.   2.5  383.   -18
2012 163 14   7.1   1.1  -4.6  -2.9   39952.   2.8  395.   -20
2012 163 15   6.9  -0.8  -6.7  -0.6   37399.   2.7  409.   -19
2012 163 16   7.0  -0.7  -5.8  -3.6   28287.   2.4  416.   -15
2012 163 17   7.6   0.5  -5.7  -4.9   19151.   2.4  402.   -13
2012 163 18   8.3   1.0  -5.6  -5.8   21494.   2.8  408.    -8
2012 163 19   8.6   2.2  -4.9  -6.3   27742.   2.5  409.    -9
2012 163 20   8.3   1.8  -5.1  -5.9   28679.   3.7  417.   -13
2012 163 21   8.6   3.5  -4.8  -6.1   25140.   5.3  416.   -22
2012 163 22   9.4   3.5  -3.9  -7.6   31632.   6.1  415.   -28
2012 163 23   9.8   3.2  -1.0  -8.8   28261.   3.8  419.   -39
2012 164  0  10.0   4.0  -1.3  -8.9   22423.   3.4  422.   -43
2012 164  1  10.4   5.5   3.6  -7.0   35354.   2.9  412.   -51
2012 164  2   9.8   5.2   7.3  -3.1   77988.   3.4  415.   -44
2012 164  3  10.3   5.4   8.5  -1.6  122778.   1.3  417.   -36
2012 164  4   9.9   4.4   8.8  -0.3  291895.   1.1  397.   -22
2012 164  5   9.9   4.8   8.6  -0.5  278983.   1.0  403.   -24
2012 164  6   9.5   4.0   8.4  -1.6  315660.   1.2  409.   -24
2012 164  7   7.9   3.4   5.9  -2.6  319731.   2.2  399.   -22
2012 164  8   7.0   2.6   5.7  -2.7  214125.   2.4  394.   -20
2012 164  9   7.2   2.7   6.3  -1.9  167970.   2.1  387.   -20
2012 164 10   6.9   2.4   6.4  -0.7  160764.   2.0  386.   -17
2012 164 11   5.7   2.2   5.3  -0.3  220664.   2.2  380.   -17
2012 164 12   6.3   1.1   6.1  -0.1  114990.   1.7  366.   -20
2012 164 13   6.3   0.3   6.0  -1.3   65921.   2.4  363.   -22
2012 164 14   5.7  -1.8   4.5   0.2  113703.   3.3  358.   -21
2012 164 15   6.9   1.1   6.7  -1.3   54885.   2.1  372.   -22
2012 164 16   7.0   2.0   6.6  -1.0   58309.   2.4  385.   -18
2012 164 17   6.7   0.7   6.2  -0.9   71074.   2.5  393.   -16
2012 164 18   6.8   1.2   6.6   1.0   67129.   3.2  405.   -10
2012 164 19   6.3   0.3   5.5   0.6   98405.   3.4  400.    -7
2012 164 20   5.5  -3.1   3.7   2.0  149364.   2.8  390.    -5
2012 164 21   5.0  -2.6   2.5   2.3  152512.   2.5  395.    -4
2012 164 22   5.0  -0.8   3.3   3.3  138085.   2.0  410.    -3
2012 164 23   4.9  -2.5   2.3   3.4   95606.   2.2  393.    -3
2012 165  0   3.8  -2.6   1.4   1.9   34303.   4.4  383.    -1
2012 165  1   3.7   2.6  -1.7  -1.7   21245.   6.9  382.     9
2012 165  2   3.9   2.6  -1.6  -1.9   17411.   6.7  374.     8
2012 165  3   3.4  -2.3  -0.9   1.1   18253.   6.0  372.     4
2012 165  4   4.3  -0.7   3.6   2.0   71076.   1.6  364.    -1
2012 165  5   4.3   0.2   3.8   1.7   46891.   2.2  364.    -4
2012 165  6   4.2   0.2   3.8   1.5   52837.   1.7  365.    -5
2012 165  7   4.0   0.0   3.4   1.7   39025.   2.1  363.    -6
2012 165  8   2.4  -0.1   0.2  -0.5   20867.   6.0  365.     1
2012 165  9   3.2  -0.9  -2.6   0.5   18917.   8.9  363.     5
2012 165 10   4.3  -1.5   2.0   2.5   34761.   6.1  373.     1
2012 165 11   5.0  -1.4   4.4   1.7   65024.   1.5  387.    -3
2012 165 12   5.0  -1.7   4.4   1.7   77379.   1.4  388.    -3
2012 165 13   5.0  -1.5   4.5   1.5   53241.   1.7  386.    -3
2012 165 14   4.8  -1.4   4.3   1.4   34257.   1.8  378.     0
2012 165 15   3.9  -1.2   3.1   1.6   55378.   2.9  378.     4
2012 165 16   3.3  -1.0   1.3   1.8   75423.   3.7  382.     7
2012 165 17   3.9  -0.5   0.1  -1.1   71074.   3.9  382.     9
2012 165 18   3.9  -1.9  -1.8   1.4   75449.   4.0  373.    12
2012 165 19   3.8  -1.5   1.3   1.6   96651.   3.5  381.    10
2012 165 20   3.7  -1.7   0.9   2.2  119242.   3.5  382.     9
2012 165 21   4.0  -2.7   2.0   0.6  107529.   3.4  368.     9
2012 165 22   4.1  -2.7   2.5   0.3   98754.   3.3  371.    11
2012 165 23   3.7   0.8   2.7   0.1   93804.   3.1  392.    10
2012 166  0   3.4  -0.2   2.8  -0.7  104956.   3.1  386.    10
2012 166  1   3.6  -2.0   1.7  -0.5  120834.   3.2  376.    10
2012 166  2   3.4  -0.7   1.8   0.9  112757.   3.0  382.    12
2012 166  3   3.5  -0.1   2.1   0.5   97173.   2.8  388.    11
2012 166  4   3.3  -2.8  -0.4   0.7  107806.   2.8  368.    10
2012 166  5   3.3  -1.3   1.8  -0.9   91172.   2.6  380.     9
2012 166  6   3.7  -1.0   3.3   0.2   69129.   2.5  384.    10
2012 166  7   3.6  -1.3   2.7  -1.5   71245.   2.5  381.    11
2012 166  8   3.5  -1.3   2.6  -1.4   71716.   2.4  378.     8
2012 166  9   3.5  -1.2   1.9  -2.2   74130.   2.4  380.     6
2012 166 10   3.4  -0.9   2.4  -2.0   67251.   2.5  381.     6
2012 166 11   3.4  -0.8   2.7   0.1   63878.   2.4  384.     7
2012 166 12   3.5  -2.1   1.6  -1.6   72523.   2.8  375.     7
2012 166 13   3.6  -1.7   3.0   0.5   66878.   2.7  377.     5
2012 166 14   3.4  -1.3   2.6   1.1   57169.   2.5  377.     5
2012 166 15   3.3  -0.4   3.2   0.0   44709.   2.2  378.     7
2012 166 16   2.9  -0.4   2.4   0.2   50005.   2.4  373.     7
2012 166 17   2.8  -1.5   2.0  -0.8   64998.   2.4  356.     6
2012 166 18   3.0  -2.1  -0.5  -1.4   70214.   2.5  351.     6
2012 166 19   2.9  -1.7  -1.7  -1.1   66152.   2.6  349.     6
2012 166 20   2.4  -1.6   0.3  -0.4   76394.   2.8  344.     6
2012 166 21   2.9  -0.7   2.4   0.7   46588.   2.8  351.     8
2012 166 22   2.9  -1.6   2.2   0.3   59752.   2.8  346.    10
2012 166 23   3.5  -2.8   1.6   1.1   70163.   2.8  330.    13
2012 167  0   3.2  -2.7   1.2   1.0   90418.   3.2  335.    13
2012 167  1   3.2  -2.9   0.7   0.2   92312.   3.1  332.    13
2012 167  2   3.3  -1.5   2.0   0.7   66910.   3.2  332.    14
2012 167  3   3.5  -1.4   3.0   0.8   51376.   3.1  330.    16
2012 167  4   3.7  -2.3   2.7   0.8   59938.   3.3  323.    15
2012 167  5   3.7  -2.8   2.3   0.9   73143.   3.3  320.    14
2012 167  6   3.5  -2.7   1.8   1.3   80509.   3.1  324.    13
2012 167  7   3.9  -2.5   2.6   0.7   75864.   2.8  328.    14
2012 167  8   3.6  -1.4   3.3  -0.4   39242.   3.2  325.    15
2012 167  9   3.5  -1.7   2.7  -0.5   55678.   3.3  323.    14
2012 167 10   3.5  -1.8   2.2  -0.4   46543.   3.7  320.    12
2012 167 11   3.6   0.3   3.4  -0.6   38555.   2.8  334.    11
2012 167 12   3.1   0.9   2.8  -0.5   36788.   3.6  331.     9
2012 167 13   3.0   1.2   2.5  -0.8   29310.   4.0  331.     9
2012 167 14   3.5  -0.2   3.0  -1.1   28081.   3.9  321.     9
2012 167 15   3.4  -1.7   2.7   0.2   33886.   4.1  309.    11
2012 167 16   3.1  -1.6   2.3   0.3   25518.   4.9  306.    15
2012 167 17   3.3  -1.7   1.9   0.5   32095.   5.0  308.    16
2012 167 18   3.2  -1.0   2.5   0.5   27818.   4.4  310.    20
2012 167 19   3.1  -0.2   2.6  -1.2   20853.   4.6  311.    23
2012 167 20   2.5  -0.4  -1.1  -1.0   35010.   4.0  310.    23
2012 167 21   3.4  -1.0  -2.8  -1.0   23715.   4.2  310.    25
2012 167 22   3.5  -1.7  -2.8   0.1   31581.   4.4  308.    25
2012 167 23   3.9  -2.8  -1.6   1.5   48180.   3.9  309.    21
2012 168  0   3.9  -3.1   0.3   1.9   53912.   4.1  307.    20
2012 168  1   3.4  -2.2   2.2   0.8   47984.   4.2  300.    20
2012 168  2   3.7  -2.9   1.5  -0.7   46889.   4.1  299.    19
2012 168  3   3.6  -2.7   1.5   1.6   52891.   3.8  297.    17
2012 168  4   3.3  -1.4   1.8   2.2   47303.   3.7  305.    16
2012 168  5   3.5  -1.7   1.6   1.6   41151.   3.4  302.    17
2012 168  6   3.2  -0.7   2.9  -0.6   36011.   3.9  308.    17
2012 168  7   3.1  -0.8  -0.1  -1.8   38458.   3.8  309.    16
2012 168  8   2.9  -2.1   0.6   1.0   55946.   4.0  297.    16
2012 168  9   3.4  -2.1  -1.2  -0.1   55436.   3.6  303.    17
2012 168 10   8.5  -1.1   6.9  -0.6   83283.   8.7  380.    30
2012 168 11  10.2  -1.0   9.5   2.4   97712.   8.3  400.    25
2012 168 12   8.6  -0.9   6.6   0.9   85895.  11.7  399.    23
2012 168 13   8.3  -0.3   5.5   0.2   99037.  12.7  396.    21
2012 168 14   8.9   0.6   7.0   2.4   81205.  13.5  405.    26
2012 168 15  10.6  -2.2   9.4  -3.4   57463.  12.1  400.    29
2012 168 16  10.2  -1.2   9.0  -0.8   45554.  14.8  404.    29
2012 168 17  10.1   0.2   9.0   2.9   36603.  17.0  413.    36
2012 168 18   8.9  -3.4   6.7  -3.0   59463.  15.3  408.    39
2012 168 19   8.2  -2.8   5.7   1.4   55974.  16.4  413.    38
2012 168 20  13.8  -0.2   9.2   6.9   87054.  28.2  446.    50
2012 168 21  24.2  -3.9  12.7   9.7  146349.  44.7  497.    75
2012 168 22  30.8 -10.2  15.6  16.9   68938.  54.7  519.    95
2012 168 23  38.2  -7.3  -1.4  34.7   65036.  29.6  514.    66
2012 169  0  38.9 -11.6  24.5  27.2   47125.  40.2  515.    80
2012 169  1  39.8 -12.0  33.3  15.7   42236.  44.5  506.    75
2012 169  2  40.1 -11.1  37.5   8.3   51317.  24.0  476.    56
2012 169  3  38.6  -6.4  37.1   7.0   65814.  14.2  450.    43
2012 169  4  36.3  -9.5  34.1   0.6   84093.  15.5  440.    33
2012 169  5  34.9  -8.3  32.2  -3.9   79588.  10.6  420.    19
2012 169  6  30.0  -5.0  28.1  -8.1   87351.  12.9  413.    13
2012 169  7  25.7  -2.3  22.4 -11.9   58842.  12.7  424.     4
2012 169  8  21.4   0.8  17.8 -11.2   59943.  25.8  426.    -3
2012 169  9  18.5   3.1  12.9 -12.1   76714.  29.8  423.   -14
2012 169 10  17.7   4.2   4.4 -16.0   53719.  25.3  420.   -35
2012 169 11  16.6   4.4   2.0 -15.8   49419.  15.6  419.   -56
2012 169 12  13.1   5.3   4.3 -10.2   70276.  17.5  421.   -65
2012 169 13  11.0   0.5   4.8   4.2   80100.  17.6  414.   -71
2012 169 14   8.9  -5.2   4.1   4.6   73980.  17.5  416.   -61
2012 169 15   8.1   1.6   6.1  -4.1   82016.  20.5  432.   -51
2012 169 16   7.7   0.4   6.2  -2.8   98453.  16.6  426.   -55
2012 169 17   8.9  -1.7   7.3  -1.8   72009.  13.4  427.   -54
2012 169 18   8.3  -0.8   5.5  -2.5   83692.   8.8  428.   -51
2012 169 19   8.0   0.1  -1.4   1.0  138451.   4.6  436.   -52
2012 169 20   9.6   1.2  -5.1  -0.8  124080.   2.8  444.   -50
2012 169 21  12.1   3.5 -10.9  -3.8   92310.   1.1  433.   -53
2012 169 22  11.9   2.6 -11.1  -2.8  101989.   1.2  434.   -55
2012 169 23  11.0   0.6  -7.9  -7.3  192576.   0.8  424.   -52
2012 170  0  10.8   0.2  -7.5  -7.7   98875.   0.9  403.   -53
2012 170  1  10.5   1.3  -5.7  -8.5  206593.   1.0  422.   -55
2012 170  2   9.9   0.7  -5.3  -7.8  161825.   1.7  417.   -57
2012 170  3   9.7   1.0  -1.8  -5.8   78067.   3.3  432.   -54
2012 170  4   9.6   4.0  -1.0  -8.5   97639.   2.8  422.   -48
2012 170  5   7.0  -4.2   0.3   3.4   26095.   3.5  455.   -45
2012 170  6   5.1  -0.1   2.5  -1.0   25277.   1.9  459.   -45
2012 170  7   5.7   3.1  -0.5  -4.6   16037.   1.0  455.   -44
2012 170  8   5.1   3.4   2.5  -2.5   19779.   2.8  444.   -43
2012 170  9   4.8   2.8   3.4  -1.6   19599.   3.6  438.   -37
2012 170 10   4.8   2.9   3.6  -1.1   16657.   3.5  440.   -31
2012 170 11   5.1   3.3   3.7  -0.5   14035.   2.9  444.   -27
2012 170 12   5.3   4.5   1.3  -2.1   30058.   1.4  464.   -28
2012 170 13   5.0   3.1  -1.6  -3.4   35533.   1.6  479.   -31
2012 170 14   4.6   3.0  -2.3  -2.5   30982.   2.0  472.   -31
2012 170 15   3.9   2.0  -1.5  -2.3   35466.   2.4  456.   -32
2012 170 16   3.6   1.0  -1.7   0.7   40783.   2.2  450.   -32
2012 170 17   3.2   2.1  -0.7  -2.1   37578.   1.6  454.   -32
2012 170 18   3.7   3.0  -1.8  -1.0   32724.   0.9  453.   -27
2012 170 19   2.9   2.1  -1.5  -0.5  104936.   0.9  468.   -25
2012 170 20   3.6   2.7  -0.6  -2.2   49226.   0.3  439.   -29
2012 170 21   3.4   2.7  -1.6  -1.1   44919.   0.2  433.   -33
2012 170 22   3.1   2.5  -1.4  -1.1  193150.   0.3  466.   -33
2012 170 23   2.9   2.7  -0.7  -0.8  177373.   0.4  509.   -31
2012 171  0   2.8   2.7  -0.3  -0.2  100524.   0.6  556.   -28
2012 171  1   3.1   3.0  -0.1  -0.4  142429.   0.6  553.   -25
2012 171  2   3.3   3.2   0.5  -0.3   90054.   0.4  552.   -24
2012 171  3   3.4   3.3   0.1  -0.9  153148.   0.5  545.   -22
2012 171  4   3.6   3.5   0.0  -0.9  136562.   0.4  550.   -19
2012 171  5   3.8   3.6   0.2  -1.0  196214.   0.4  552.   -18
2012 171  6   4.1   4.0   0.1  -1.0  158396.   0.3  464.   -18
2012 171  7   4.2   4.0  -0.3  -1.1  156373.   0.3  445.   -18
2012 171  8   4.5   4.1  -1.7  -0.5   61275.   0.3  424.   -17
2012 171  9   4.9   4.5  -1.8  -0.6   36647.   0.3  411.   -16
2012 171 10   5.1   4.6  -1.9  -1.2   47053.   0.3  411.   -16
2012 171 11   5.3   4.6  -2.6  -0.4   60364.   0.3  409.   -15
2012 171 12   5.3   4.5  -2.7  -0.9   89088.   0.3  419.   -17
2012 171 13   5.4   4.5  -2.8  -0.8  108493.   0.3  415.   -18
2012 171 14   5.6   4.8  -2.6  -1.2   72591.   0.3  411.   -19
2012 171 15   5.9   4.6  -3.3  -1.7   42820.   0.3  378.   -20
2012 171 16   5.9   4.7  -2.8  -2.1   15660.   0.2  366.   -20
2012 171 17   5.8   4.8  -2.4  -2.2   13928.   0.2  349.   -20
2012 171 18   5.6   4.7  -2.4  -2.0   13917.   0.2  344.   -18
2012 171 19   5.5   4.4  -2.3  -2.5   15868.   0.2  346.   -14
2012 171 20   5.4   3.9  -2.8  -2.3   31057.   0.3  359.   -11
2012 171 21   5.3   3.8  -2.6  -2.5   27115.   0.3  364.   -13
2012 171 22   5.3   3.6  -2.5  -2.6   24130.   0.2  371.   -16
2012 171 23   5.3   4.0  -2.3  -2.5   23191.   0.2  355.   -19
2012 172  0   5.3   3.7  -2.5  -2.7   20947.   0.2  363.   -20
2012 172  1   5.2   3.4  -2.6  -2.8   36743.   0.3  378.   -19
2012 172  2   5.2   3.8  -2.0  -2.8   51238.   0.3  377.   -18
2012 172  3   5.3   4.5  -0.8  -2.5   62480.   0.3  356.   -17
2012 172  4   5.4   4.5   1.2  -2.6   99590.   0.3  387.   -16
2012 172  5   4.9   3.8  -1.5  -2.1   22832.   1.7  370.   -13
2012 172  6   5.1   4.6   0.4  -1.6   34523.   1.3  364.   -14
2012 172  7   5.1   4.7   0.6  -0.9   28952.   1.5  361.   -13
2012 172  8   5.0   2.9  -3.3  -1.9   16619.   1.7  366.    -8
2012 172  9   5.1   0.8  -4.4  -2.5   20296.   1.7  395.    -6
2012 172 10   5.2   0.9  -4.2  -2.9   21142.   1.9  397.    -7
2012 172 11   5.4   1.4  -4.1  -3.0   21617.   2.0  390.    -8
2012 172 12   5.6   4.9  -2.2  -0.7   17961.   1.8  345.    -7
2012 172 13   5.5   5.0  -0.5   1.2   43239.   1.8  357.    -4
2012 172 14   5.7   5.2  -1.2   1.7   44328.   1.9  354.    -2
2012 172 15   5.7   4.3  -1.6   3.0   28273.   1.8  363.    -4
2012 172 16   6.0   3.1  -3.4   3.7   21877.   2.1  367.    -3
2012 172 17   6.4   4.1  -4.0   0.6   30646.   1.5  362.    -2
2012 172 18   6.6   5.8  -2.8   0.1   20487.   1.0  345.    -6
2012 172 19   6.7   5.7  -1.1   3.0   44140.   0.3  326.    -8
2012 172 20   6.5   5.1   0.8   3.8   31521.   0.5  327.    -5
2012 172 21   6.4   5.5  -1.3   2.8   38948.   0.7  321.    -3
2012 172 22   6.2   5.3  -2.7   1.8   62374.   0.8  328.    -3
2012 172 23   6.2   5.4  -2.8   1.1   64280.   0.8  320.    -3
2012 173  0   6.3   5.1  -3.4   1.3   63803.   0.8  331.    -5
2012 173  1   6.3   5.4  -2.1   2.0   69452.   1.1  341.    -6
2012 173  2   6.3   5.2  -1.4   2.3   99137.   1.0  365.    -6
2012 173  3   6.8   4.6  -4.3  -2.1   55357.   0.6  369.    -4
2012 173  4   7.0   5.3  -4.4  -1.3   26268.   0.4  348.    -1
2012 173  5   7.0   5.3  -4.6  -0.5   32175.   0.4  347.    -1
2012 173  6   7.0   5.4  -4.3   0.3   44466.   0.4  340.     0
2012 173  7   7.0   5.7  -3.8   1.5   17596.   0.3  328.     0
2012 173  8   6.9   5.6  -3.6   1.8   19143.   0.3  326.    -2
2012 173  9   6.8   5.1  -3.9   2.1   42434.   0.4  355.    -1
2012 173 10   6.7   5.4  -3.9   0.3   81008.   0.5  348.    -2
2012 173 11   6.8   5.6  -3.8  -0.1   70946.   0.4  343.     2
2012 173 12   6.5   5.4  -3.4  -0.4  129999.   0.8  366.     5
2012 173 13   6.3   1.2  -2.9   5.0  117021.   1.2  395.     8
2012 173 14   6.5   1.9  -4.2   4.3  118491.   1.2  443.     8
2012 173 15   6.1   2.5  -3.6   3.7  119217.   1.2  414.     7
2012 173 16   6.2   4.1  -3.4   2.7  116807.   1.1  377.     5
2012 173 17   6.2   4.3  -3.5   1.2  106285.   1.1  362.     7
2012 173 18   6.3   3.9  -3.9   1.5  115541.   1.1  374.     8
2012 173 19   6.3   5.6  -1.9   1.9  110868.   1.2  357.     5
2012 173 20   6.5   4.8  -4.2  -0.1  103930.   1.1  356.     1
2012 173 21   6.7   4.8  -4.4   0.4   97336.   1.1  361.    -2
2012 173 22   6.8   5.0  -4.3  -0.3   78675.   1.0  373.    -1
2012 173 23   6.8   3.4  -5.4   1.6   92583.   1.0  409.     2
2012 174  0   6.7   4.7  -4.2   1.6   86574.   1.1  393.     4
2012 174  1   6.8   4.7  -4.5  -0.7   88013.   1.2  387.     5
2012 174  2   6.7   3.4  -5.6  -0.6   95935.   1.0  403.     7
2012 174  3   6.6   4.3  -4.4   1.5   95602.   1.1  393.     9
2012 174  4   6.8   4.1  -5.1  -1.3   96042.   0.9  386.    12
2012 174  5   6.8   4.1  -5.1   0.7   91320.   0.8  382.    11
2012 174  6   6.8   3.3  -5.6  -1.2  114033.   0.8  392.    10
2012 174  7   6.8   1.7  -4.5  -4.7  143297.   1.0  429.     9
2012 174  8   6.5   3.2  -2.5   0.3  163145.   1.5  430.     3
2012 174  9   7.1   6.0   0.5  -0.8  115032.   1.8  419.     3
2012 174 10   6.5   2.7  -3.2  -4.8  176743.   1.2  429.     7
2012 174 11   6.2   2.1  -3.4  -4.5  191454.   1.2  435.     3
2012 174 12   6.2   2.7  -2.5  -4.6  194558.   1.1  435.     0
2012 174 13   6.4   3.4  -2.6  -4.4  207335.   1.2  434.     0
2012 174 14   5.9   4.9  -1.7   2.0  150150.   1.6  412.     0
2012 174 15   5.9   4.0  -2.7   3.1  127820.   1.8  425.     1
2012 174 16   5.8   3.5  -0.7   4.4  138405.   1.6  421.     1
2012 174 17   5.5   4.7  -1.0   1.8  136415.   1.7  412.     1
2012 174 18   5.6   4.6  -1.9   2.1  112100.   1.8  412.     3
2012 174 19   5.7   2.7  -3.9   3.0   82916.   1.8  426.     2
2012 174 20   5.5   4.4  -1.9   2.1   66679.   1.8  409.     4
2012 174 21   5.3   3.4  -1.1   3.6   83015.   1.8  421.     7
2012 174 22   5.1   4.3  -1.4   2.0   63884.   1.7  408.    10
2012 174 23   5.0   3.7  -1.6   2.5   64345.   1.6  411.     8
2012 175  0   5.0   3.1  -2.9   2.3   72134.   1.7  418.    10
2012 175  1   4.8   3.0  -3.3   1.2   60985.   1.6  411.     9
2012 175  2   4.7   2.7  -2.9   2.2   67780.   1.7  417.    10
2012 175  3   4.5   3.1  -2.8   1.4   63737.   1.9  410.    12
2012 175  4   4.6   3.2  -3.1   0.0   58363.   1.9  408.    14
2012 175  5   4.5   2.9  -3.0  -0.8   81125.   2.1  411.    12
2012 175  6   4.5   2.9  -3.1  -0.6   80185.   2.1  413.     9
2012 175  7   4.5   2.0  -2.2  -0.9   59999.   2.2  410.     8
2012 175  8   4.7   1.7  -3.8   0.8   34480.   2.2  413.     7
2012 175  9   4.7  -0.6  -3.0  -3.0   34877.   2.4  423.     9
2012 175 10   4.4   1.7  -2.4  -0.8   34739.   2.4  409.     6
2012 175 11   4.5   2.6  -3.2   1.9   29226.   2.8  398.     7
2012 175 12   4.7   2.6  -2.8   2.6   20183.   1.7  391.     5
2012 175 13   4.7   2.6  -2.8   2.7   19376.   1.6  391.     4
2012 175 14   4.7   2.2  -2.8   2.9   18633.   1.7  391.     3
2012 175 15   4.7   2.9  -2.9   2.1   32273.   2.2  383.     3
2012 175 16   3.9   0.4  -0.4   0.2   50178.   3.6  393.     5
2012 175 17   3.6  -2.3   1.3  -2.1   67562.   3.1  404.     5
2012 175 18   4.2  -3.2   2.5  -0.5   73952.   2.8  401.     8
2012 175 19   4.1  -2.7   2.7  -0.7   55014.   3.7  414.     9
2012 175 20   4.2  -2.8   2.8  -0.7   59868.   3.9  412.    11
2012 175 21   4.1  -2.8   2.8  -1.0   57923.   4.0  408.    11
2012 175 22   4.0  -2.7   2.4  -1.4   64486.   3.5  404.    11
2012 175 23   3.9  -0.6   3.6   0.1   37982.   3.6  408.    12
2012 176  0   3.7  -1.2   3.1  -0.6   45175.   3.6  400.    10
2012 176  1   3.5  -1.6   2.1  -2.1   56312.   3.6  397.     9
2012 176  2   3.7  -2.6   1.8  -0.8   56409.   4.2  392.    12
2012 176  3   3.9  -2.7   2.5  -0.7   49867.   4.1  388.    15
2012 176  4   4.2  -2.5   3.0   1.4   37025.   4.6  383.    18
2012 176  5   4.2  -2.5   3.1   1.1   36819.   4.8  377.    16
2012 176  6   3.9  -2.1   3.2   0.9   24976.   7.5  365.    19
2012 176  7   4.6  -2.8   3.3   0.9   24623.   7.1  367.    17
2012 176  8   5.5  -2.5   4.4   0.8   30087.   6.1  374.    16
2012 176  9   6.1  -3.2   3.4   3.8   28159.   5.4  364.    15
2012 176 10   5.8  -3.2   3.1   3.6   26791.   5.4  358.    15
2012 176 11   5.3  -0.6   3.5   3.0   32924.   6.2  365.    18
2012 176 12   4.9  -1.4   1.7   3.9   36494.   7.1  359.    18
2012 176 13   4.0  -1.0   2.4   2.6   36656.   9.1  361.    18
2012 176 14   4.7  -0.1   3.5   2.7   35296.   7.0  362.    16
2012 176 15   2.9  -1.0  -1.7  -0.7   48706.   8.5  364.    16
2012 176 16   4.7   1.0   0.6   3.0   27669.   6.6  369.    13
2012 176 17   5.9  -0.2   3.9   4.4   18859.   6.1  363.    17
2012 176 18   6.7   1.5   4.7   4.5   15526.   6.2  368.    24
2012 176 19   6.9   1.8   5.7   2.9   16670.   6.4  370.    27
2012 176 20   7.0   0.5   5.7   3.7   18207.   8.6  372.    31
2012 176 21   7.9  -1.4   7.4   1.6   19633.   7.8  368.    30
2012 176 22   8.3  -2.8   7.6   1.0   23452.   6.2  364.    30
2012 176 23   8.3  -3.0   7.5   0.6   28579.   6.1  360.    29
2012 177  0   8.1  -4.6   6.5  -0.7   33596.   6.2  352.    25
2012 177  1   7.9  -4.3   5.3  -0.5   35360.   7.2  353.    23
2012 177  2   7.8  -2.1   6.5  -2.8   36668.   7.2  359.    22
2012 177  3   7.5  -2.5   6.3  -2.9   36467.   7.0  356.    17
2012 177  4   6.7  -2.1   5.8  -1.1   40439.   7.7  360.    15
2012 177  5   6.7  -3.2   2.4  -4.4   43403.   8.2  352.    14
2012 177  6   6.4  -0.9   4.9  -1.9   34315.   8.9  361.    12
2012 177  7   6.6  -0.1   4.2  -4.6   34085.   9.0  366.     9
2012 177  8   6.4  -3.7   4.4   0.3   43804.   8.4  351.     5
2012 177  9   6.3  -4.1   2.9  -3.5   32207.   9.6  343.     9
2012 177 10   6.2  -4.0   1.9  -4.2   22814.  10.7  344.    10
2012 177 11   7.3  -2.9   2.7  -5.7   27868.  10.7  352.    12
2012 177 12   8.1  -3.5   3.6  -5.5   36335.  12.9  357.    10
2012 177 13   9.2  -3.7   4.2  -3.1   48005.  10.8  370.     7
2012 177 14  10.2  -4.6   8.8   1.4   75276.   6.8  385.    11
2012 177 15   9.3  -3.4   8.4  -0.4  106573.   7.7  395.    11
2012 177 16   9.4  -3.2   8.1  -1.3  106630.   7.5  408.     9
2012 177 17   8.1  -3.5   3.4  -1.5  213771.   6.1  412.     7
2012 177 18   7.4  -2.5   3.7   4.5  256666.   6.9  419.    10
2012 177 19   8.7  -2.5   7.8   2.2  212597.   5.9  411.    15
2012 177 20   8.1  -2.0   7.4   0.2  194424.   5.7  411.    15
2012 177 21   7.1  -1.6   6.5   0.2  174278.   6.5  425.    16
2012 177 22   7.2  -4.1   4.7  -1.4  148645.   6.5  415.    16
2012 177 23   7.1  -4.2   3.9  -0.1  139210.   6.2  414.    12
2012 178  0   6.5  -1.5   4.7   1.5  171288.   6.5  428.    14
2012 178  1   6.7  -2.8   4.7  -0.9  145806.   6.3  417.    14
2012 178  2   6.6  -2.6   3.9  -0.5  141346.   5.8  421.    10
2012 178  3   5.0  -2.5  -0.9   0.2  141508.   5.1  442.     4
2012 178  4   5.0  -2.4   0.7  -3.8  114638.   4.0  448.     2
2012 178  5   4.4  -1.8  -0.1  -1.3  118464.   4.0  456.    -1
2012 178  6   4.7  -3.0  -0.9  -2.7  119171.   4.2  448.     0
2012 178  7   4.9  -3.4   3.0  -0.9  114201.   4.0  434.     2
2012 178  8   4.6  -2.3   3.1  -1.7  125742.   4.1  440.     5
2012 178  9   4.6  -2.6   2.4  -2.6  120865.   4.5  440.     5
2012 178 10   4.5  -2.3   1.7  -2.8  120124.   4.3  441.     3
2012 178 11   4.3  -2.1   1.9  -0.9  123756.   4.3  443.     6
2012 178 12   4.7   0.4   1.3   4.2   92814.   4.1  457.     5
2012 178 13   4.7  -0.4   0.9   3.8   85518.   3.9  450.     5
2012 178 14   4.6  -0.8   3.2   2.6   83772.   3.9  446.     5
2012 178 15   4.8   0.4   2.8   2.9   79236.   3.9  453.     6
2012 178 16   4.7  -2.3   1.7   1.1   82045.   3.9  429.     5
2012 178 17   4.6  -2.5   2.4   1.6   83141.   3.8  425.     4
2012 178 18   4.9  -3.0   3.2   1.6   71259.   3.7  415.     9
2012 178 19   5.1  -3.5   3.1   1.6   49113.   3.4  404.    13
2012 178 20   5.5  -3.7   4.0  -0.2   32524.   3.5  390.    14
2012 178 21   5.7  -3.9   4.2  -0.1   30763.   3.8  386.    14
2012 178 22   6.4  -4.2   4.7  -0.1   26969.   4.2  380.    17
2012 178 23   5.5  -0.9   0.1   3.2   24506.  10.3  378.    21
2012 179  0   6.1  -0.6  -1.1   5.4   23935.   9.1  376.    19
2012 179  1   5.7  -1.8  -0.7   3.7   36801.   8.5  372.    18
2012 179  2   5.6  -2.8   3.5   3.0   37114.   6.6  371.    19
2012 179  3   5.9  -2.3   4.1   3.2   43174.   8.0  378.    23
2012 179  4   6.5  -2.9   5.4   1.4   45584.   8.6  380.    28
2012 179  5   6.8  -5.5   2.0   1.2   78235.   8.7  374.    25
2012 179  6   6.0  -3.5  -3.5   0.0   91719.   9.0  373.    27
2012 179  7   5.8  -4.0   3.4   0.1  104786.  10.1  376.    24
2012 179  8   6.8  -4.9   4.3   1.3   88142.   9.4  384.    21
2012 179  9   6.0  -3.7   3.8   1.2   83938.   9.7  383.    18
2012 179 10   5.3  -3.7   0.9   1.9   94422.  10.4  381.    20
2012 179 11   4.4  -1.1   0.8   1.3  101111.   9.1  394.    22
2012 179 12   6.2  -4.1   2.8  -0.4  104098.   7.9  392.    20
2012 179 13   5.4  -3.9   2.7   0.3  112904.   7.1  391.    18
2012 179 14   5.1  -4.1   0.9  -2.5  111385.   7.0  404.    14
2012 179 15   6.2  -4.4   3.2  -2.7  111243.   5.4  420.     9
2012 179 16   6.5  -1.2   2.4   4.7  106824.   4.7  442.     6
2012 179 17   6.3  -1.7   4.3   3.4  101317.   4.9  449.     9
2012 179 18   6.0  -2.0   3.4   2.7  108860.   4.8  452.    17
2012 179 19   6.7   0.4   1.8   6.1   99971.   3.7  472.    18
2012 179 20   5.7  -2.6   2.7   3.0  116678.   4.3  458.    19
2012 179 21   5.4  -2.2   3.6   2.0  122496.   4.2  467.    17
2012 179 22   4.5  -1.7   2.0   1.4  138765.   4.2  483.    16
2012 179 23   4.9   0.1   3.6   3.1  107312.   3.9  497.    18
2012 180  0   4.6   0.6   1.0   2.7  117915.   4.0  500.    19
2012 180  1   4.7   0.1   3.0   3.1  119817.   3.7  504.    17
2012 180  2   4.3  -1.6   3.0   1.5  149925.   3.7  486.    16
2012 180  3   4.9  -2.2   3.6   0.9  142841.   3.5  478.    15
2012 180  4   5.1  -3.3   3.1  -0.9  128598.   3.7  458.    16
2012 180  5   4.9  -3.8   1.6   0.1  133388.   4.1  456.    15
2012 180  6   5.1  -2.9  -0.3  -2.3  122831.   3.9  458.    16
2012 180  7   5.0  -3.5  -0.4  -2.4  111993.   3.8  447.    14
2012 180  8   5.2  -2.4   4.1  -0.1  109937.   3.7  452.    12
2012 180  9   5.2  -2.5   2.3  -3.3   97748.   3.8  445.    11
2012 180 10   5.0  -3.7   0.0  -2.9   96121.   3.9  431.     8
2012 180 11   4.6  -2.8   0.1  -1.8   78946.   3.7  434.     7
2012 180 12   4.1   0.0   2.9   1.0   87796.   3.1  442.     8
2012 180 13   3.9  -1.7   2.9  -1.0   99514.   3.1  432.     8
2012 180 14   3.5  -0.1   0.8   0.6   72984.   3.5  423.     5
2012 180 15   4.4   2.3  -2.4   2.5   45622.   4.2  421.     7
2012 180 16   4.6   3.0   1.0   3.1   49125.   4.2  422.     6
2012 180 17   3.2   1.5   1.7   2.0   62108.   4.5  418.     7
2012 180 18   3.5   1.1   1.6   2.4   62237.   4.2  417.    13
2012 180 19   3.9  -3.0   1.8   0.4   78072.   4.2  395.    14
2012 180 20   4.2  -0.5   2.8   0.5   61686.   3.7  406.    17
2012 180 21   3.9   0.7   0.6   1.3   58321.   3.4  410.    15
2012 180 22   3.6   1.7   0.1   1.5   64825.   3.6  421.    14
2012 180 23   4.0   2.4   1.9   2.3   50895.   3.9  425.    17
2012 181  0   3.2  -1.9   1.8   1.0   89106.   3.9  417.    21
2012 181  1   3.3  -1.6   2.3   0.6   83693.   3.9  421.    22
2012 181  2   3.7  -3.0  -0.6  -0.4   87828.   4.4  409.    23
2012 181  3   3.8  -1.0  -1.8   2.2   79213.   4.3  413.    24
2012 181  4   3.3  -1.0  -1.1   1.2   78835.   3.9  413.    23
2012 181  5   3.2  -0.8  -0.1   2.9   80604.   4.0  417.    18
2012 181  6   3.4  -0.1  -0.4   2.7   86249.   3.8  414.    18
2012 181  7   3.7  -2.4   0.9   1.9   98177.   4.3  403.    18
2012 181  8   3.9  -3.4   0.5  -1.0  107903.   4.2  393.    19
2012 181  9   4.2  -3.9   0.3   0.6   90727.   4.4  389.    19
2012 181 10   4.4  -3.9  -0.1  -1.4   81527.   4.1  387.    17
2012 181 11   4.0  -3.0  -0.3   0.3   84881.   4.0  391.    19
2012 181 12   4.7  -3.8  -0.8  -1.4   83910.   4.1  391.    19
2012 181 13   5.2  -4.5  -1.0  -2.3   82641.   4.1  384.    21
2012 181 14   5.1  -4.5  -0.8  -2.2   86332.   3.9  381.    20
2012 181 15   4.7  -4.2   0.3  -0.9   77484.   4.3  373.    16
2012 181 16   4.5  -3.6   2.5  -0.6   89311.   4.4  381.    15
2012 181 17   4.8  -4.2   1.3   1.4   70097.   4.6  374.    15
2012 181 18   5.4  -4.9   1.2   0.9   60377.   4.9  370.    16
2012 181 19   5.7  -4.4   2.7  -2.1   69409.   4.9  372.    18
2012 181 20   5.8  -4.1   3.0  -2.5   62097.   4.8  376.    20
2012 181 21   4.9  -2.8   3.1  -1.5   55641.   8.5  394.    27
2012 181 22   4.0  -0.5   0.3   2.7   51628.  16.1  406.    38
2012 181 23   7.1   0.8  -1.5  -4.9   64257.  13.6  402.    36
2012 182  0   6.5   4.0  -4.0  -1.5   82205.  14.0  397.    34
2012 182  1   7.6   4.3  -5.2  -1.5   74883.  14.3  397.    28
2012 182  2   8.8   3.8  -5.5  -2.1   74522.  14.7  407.    25
2012 182  3  11.2   7.9  -7.1   2.3   69465.   9.8  403.    14
2012 182  4  11.2   9.7  -4.3   2.3  105513.  11.7  406.    18
2012 182  5   8.8   4.1  -0.4  -4.9  109486.  13.0  410.    17
2012 182  6   9.7   3.1  -0.3  -6.1  111796.  15.5  418.     9
2012 182  7  12.3   6.4  -7.3  -2.7  129334.  13.1  447.     3
2012 182  8   9.5   6.8  -3.3  -2.5  204119.  13.9  474.     7
2012 182  9   8.7   4.4  -0.8  -4.3  282960.  15.8  494.     4
2012 182 10  12.6   6.6  -6.9  -1.8  425134.  10.6  557.    -1
2012 182 11  11.4   5.8  -6.7  -1.4  474894.   9.7  596.     2
2012 182 12  11.4   4.7  -5.5  -3.8  492838.  11.1  606.     3
2012 182 13  11.1   5.6  -3.7   3.0  448548.  12.2  601.     6
2012 182 14  11.1   5.6   0.8  -1.5  400412.  10.5  615.     1
2012 182 15   9.7   7.5   0.2   0.1  414347.  10.1  612.     1
2012 182 16   9.7   3.1   2.5   3.1  393268.   8.3  630.     0
2012 182 17   6.6   5.6   1.1   0.1  194462.   4.1  653.   -10
2012 182 18   6.5   4.5   1.7  -1.7  222312.   3.9  659.    -7
2012 182 19   6.8   2.1  -1.5  -2.0  251894.   4.0  675.   -15
2012 182 20   7.2   1.1  -6.7   0.1  259096.   3.7  675.   -19
2012 182 21   7.0   2.4  -3.5  -2.6  284265.   3.9  656.   -15
2012 182 22   6.4   4.5  -1.1  -0.6  321643.   4.6  633.   -12
2012 182 23   7.6   4.3  -4.2  -0.3  265153.   4.1  639.   -13
